SF:/home/sandwich/Develop/blssm.us/src/middleware/access.ts
FN:22,_resetAccessCacheForTesting
FN:34,filterPubkeys
FN:48,normalizeAccessConfig
FN:95,loadAccessConfig
FN:125,checkAccess
FNDA:19,_resetAccessCacheForTesting
FNDA:38,filterPubkeys
FNDA:19,normalizeAccessConfig
FNDA:19,loadAccessConfig
FNDA:13,checkAccess
FNF:5
FNH:5
BRDA:35,2,0,0
BRDA:37,3,0,0
BRDA:49,4,0,0
BRDA:52,4,1,0
BRDA:58,4,2,9
BRDA:58,4,3,10
BRDA:59,4,4,9
BRDA:59,4,5,1
BRDA:100,5,0,0
BRDA:100,5,1,0
BRDA:133,6,0,10
BRDA:135,6,1,4
BRDA:137,6,2,6
BRDA:140,6,3,4
BRDA:140,6,4,3
BRDA:142,6,5,1
BRDA:144,6,6,2
BRDA:147,6,7,3
BRDA:151,6,8,3
BRDA:157,6,9,1
BRDA:159,6,10,2
BRF:21
BRH:15
DA:3,1
DA:5,1
DA:7,1
DA:19,1
DA:21,1
DA:22,1
DA:23,20
DA:24,20
DA:26,1
DA:27,1
DA:28,1
DA:29,1
DA:30,1
DA:31,1
DA:33,1
DA:34,1
DA:35,0
DA:36,39
DA:37,0
DA:38,0
DA:39,0
DA:41,0
DA:42,0
DA:43,49
DA:44,39
DA:45,39
DA:47,1
DA:48,1
DA:49,0
DA:50,20
DA:52,0
DA:55,20
DA:56,20
DA:57,20
DA:58,20
DA:59,20
DA:60,21
DA:61,21
DA:62,21
DA:64,20
DA:65,20
DA:66,20
DA:67,20
DA:68,20
DA:69,20
DA:70,20
DA:94,1
DA:95,1
DA:96,1
DA:97,1
DA:99,20
DA:100,0
DA:101,0
DA:102,0
DA:103,20
DA:104,20
DA:105,20
DA:106,20
DA:107,20
DA:108,20
DA:109,20
DA:110,20
DA:111,20
DA:112,20
DA:113,20
DA:125,1
DA:126,1
DA:127,1
DA:128,1
DA:129,1
DA:131,14
DA:133,14
DA:135,24
DA:136,112
DA:137,28
DA:140,24
DA:142,27
DA:143,84
DA:144,28
DA:146,145
DA:147,29
DA:150,81
DA:151,27
DA:155,17
DA:157,14
DA:158,45
DA:159,15
DA:160,16
DA:161,16
DA:162,16
DA:163,16
DA:164,14
LH:81
LF:92
end_of_record
SF:/home/sandwich/Develop/blssm.us/src/middleware/cache-config.ts
FN:27,_resetCacheCacheForTesting
FN:36,clampTtl
FN:47,normalizeCacheConfig
FN:64,loadCacheConfig
FNDA:3,_resetCacheCacheForTesting
FNDA:21,clampTtl
FNDA:14,normalizeCacheConfig
FNDA:11,loadCacheConfig
FNF:4
FNH:4
BRDA:37,2,0,18
BRDA:37,2,1,3
BRDA:37,2,2,18
BRDA:48,3,0,12
BRDA:48,3,1,11
BRDA:48,3,2,4
BRDA:50,3,3,13
BRDA:50,3,4,10
BRDA:53,3,5,9
BRDA:53,3,6,1
BRDA:54,3,7,6
BRDA:54,3,8,4
BRDA:55,3,9,6
BRDA:55,3,10,4
BRDA:66,4,0,7
BRDA:66,4,1,7
BRDA:68,4,2,4
BRF:17
BRH:17
DA:4,1
DA:5,2
DA:7,1
DA:8,2
DA:10,1
DA:11,2
DA:13,2
DA:14,2
DA:15,2
DA:16,2
DA:17,2
DA:24,2
DA:26,2
DA:27,2
DA:28,5
DA:29,5
DA:36,2
DA:37,23
DA:38,41
DA:39,41
DA:40,23
DA:47,2
DA:48,16
DA:49,60
DA:50,20
DA:51,39
DA:52,39
DA:53,16
DA:54,16
DA:55,16
DA:56,16
DA:57,16
DA:64,2
DA:65,13
DA:66,13
DA:67,20
DA:68,20
DA:69,17
DA:70,17
DA:71,17
DA:72,17
DA:73,17
DA:74,17
DA:75,17
DA:76,13
LH:45
LF:45
end_of_record
SF:/home/sandwich/Develop/blssm.us/src/middleware/payment-config.ts
FN:23,_resetPaymentCacheForTesting
FN:31,isValidMintUrl
FN:45,normalizeMints
FN:69,normalizeAmounts
FN:102,normalizePaymentConfig
FN:121,paymentsEnabled
FN:129,loadPaymentConfig
FNDA:9,_resetPaymentCacheForTesting
FNDA:17,isValidMintUrl
FNDA:19,normalizeMints
FNDA:22,normalizeAmounts
FNDA:25,normalizePaymentConfig
FNDA:16,paymentsEnabled
FNDA:11,loadPaymentConfig
FNF:7
FNH:7
BRDA:32,2,0,0
BRDA:36,2,1,1
BRDA:46,3,0,2
BRDA:46,3,1,17
BRDA:48,3,2,18
BRDA:49,3,3,1
BRDA:52,3,4,17
BRDA:54,3,5,3
BRDA:57,3,6,14
BRDA:59,3,7,17
BRDA:70,4,0,19
BRDA:70,4,1,3
BRDA:70,4,2,19
BRDA:76,4,3,14
BRDA:78,4,4,13
BRDA:78,4,5,2
BRDA:81,4,6,12
BRDA:83,4,7,17
BRDA:85,4,8,12
BRDA:87,4,9,11
BRDA:87,4,10,11
BRDA:87,4,11,1
BRDA:90,4,12,11
BRDA:92,4,13,16
BRDA:103,5,0,23
BRDA:103,5,1,3
BRDA:103,5,2,22
BRDA:107,5,3,3
BRDA:110,5,4,19
BRDA:134,7,0,2
BRDA:134,7,1,1
BRDA:136,7,2,10
BRF:32
BRH:31
DA:6,2
DA:8,8
DA:10,2
DA:11,2
DA:12,8
DA:13,2
DA:20,2
DA:22,2
DA:23,2
DA:24,11
DA:25,11
DA:31,2
DA:32,0
DA:33,19
DA:34,19
DA:35,19
DA:36,19
DA:37,20
DA:38,20
DA:39,19
DA:45,2
DA:46,21
DA:47,38
DA:48,21
DA:49,39
DA:50,40
DA:51,40
DA:52,40
DA:53,56
DA:54,39
DA:55,42
DA:56,42
DA:57,42
DA:58,159
DA:59,53
DA:60,38
DA:61,21
DA:69,2
DA:70,78
DA:71,43
DA:73,43
DA:74,43
DA:76,24
DA:77,38
DA:78,38
DA:79,40
DA:80,40
DA:81,40
DA:82,50
DA:83,50
DA:85,24
DA:86,36
DA:87,36
DA:88,37
DA:89,37
DA:90,37
DA:91,47
DA:92,47
DA:94,160
DA:95,24
DA:102,2
DA:103,87
DA:104,49
DA:106,49
DA:107,27
DA:108,30
DA:109,90
DA:110,30
DA:112,46
DA:113,184
DA:114,27
DA:121,2
DA:122,18
DA:123,18
DA:129,2
DA:130,2
DA:131,2
DA:133,13
DA:134,13
DA:135,14
DA:136,14
DA:137,23
DA:138,23
DA:139,23
DA:140,23
DA:141,23
DA:142,23
DA:143,23
DA:144,13
LH:88
LF:89
end_of_record
SF:/home/sandwich/Develop/blssm.us/src/middleware/payment-gate.ts
FN:46,paymentGate
FNDA:7,paymentGate
FNF:1
FNH:1
BRDA:52,1,0,5
BRDA:52,1,1,2
BRDA:53,1,2,5
BRDA:53,1,3,3
BRDA:54,1,4,5
BRDA:54,1,5,4
BRDA:63,1,6,2
BRDA:65,1,7,5
BRDA:74,1,8,1
BRDA:76,1,9,4
BRDA:82,1,10,1
BRDA:85,1,11,3
BRDA:93,1,12,2
BRDA:95,1,13,1
BRF:14
BRH:14
DA:4,1
DA:5,1
DA:6,1
DA:7,1
DA:8,1
DA:11,1
DA:14,1
DA:46,1
DA:47,1
DA:48,1
DA:49,1
DA:50,1
DA:52,8
DA:53,8
DA:54,8
DA:57,8
DA:60,8
DA:62,8
DA:63,8
DA:64,10
DA:65,10
DA:67,13
DA:68,13
DA:71,13
DA:73,13
DA:74,8
DA:75,9
DA:76,9
DA:79,12
DA:81,12
DA:82,8
DA:83,9
DA:84,9
DA:85,9
DA:88,11
DA:89,11
DA:90,11
DA:92,11
DA:93,8
DA:94,10
DA:95,10
DA:97,9
DA:98,9
DA:99,8
LH:44
LF:44
end_of_record
SF:/home/sandwich/Develop/blssm.us/src/middleware/payments.ts
FN:12,buildPaymentRequired
FNDA:8,buildPaymentRequired
FNF:1
FNH:1
BRF:0
BRH:0
DA:1,2
DA:2,2
DA:12,2
DA:13,2
DA:14,2
DA:15,2
DA:16,2
DA:18,10
DA:22,10
DA:23,10
DA:24,10
DA:25,10
DA:26,10
DA:27,10
DA:28,10
DA:29,10
DA:32,10
DA:34,10
DA:35,10
DA:36,10
DA:37,10
DA:38,10
DA:39,10
DA:40,10
DA:41,10
LH:25
LF:25
end_of_record
SF:/home/sandwich/Develop/blssm.us/src/middleware/price-feed.ts
FN:25,computeSatPrice
FN:43,fetchCoinGecko
FN:63,fetchCoinbase
FN:86,fetchBtcUsdPrice
FN:109,readBtcUsdPrice
FN:130,startPriceFeedCron
FN:162,loadPricingConfig
FN:221,parsePricingSection
FNDA:17,computeSatPrice
FNDA:0,fetchCoinGecko
FNDA:0,fetchCoinbase
FNDA:0,fetchBtcUsdPrice
FNDA:9,readBtcUsdPrice
FNDA:0,startPriceFeedCron
FNDA:10,loadPricingConfig
FNDA:5,parsePricingSection
FNF:8
FNH:4
BRDA:111,5,0,8
BRDA:111,5,1,7
BRDA:114,5,2,5
BRDA:114,5,3,5
BRDA:114,5,4,1
BRDA:115,5,5,3
BRDA:168,7,0,5
BRDA:175,7,1,0
BRDA:177,7,2,5
BRDA:185,7,3,8
BRDA:186,7,4,0
BRDA:192,7,5,0
BRDA:198,7,6,1
BRDA:202,7,7,0
BRDA:205,7,8,7
BRDA:222,8,0,4
BRDA:222,8,1,1
BRDA:224,8,2,4
BRDA:232,8,3,4
BRDA:232,8,4,3
BRDA:233,8,5,3
BRDA:233,8,6,3
BRDA:233,8,7,3
BRDA:234,8,8,3
BRDA:234,8,9,3
BRDA:235,8,10,1
BRDA:238,8,11,3
BRF:27
BRH:23
DA:2,3
DA:5,3
DA:6,3
DA:7,3
DA:8,3
DA:9,3
DA:10,3
DA:13,3
DA:25,3
DA:26,3
DA:27,3
DA:28,3
DA:30,20
DA:31,20
DA:32,20
DA:33,20
DA:34,20
DA:35,20
DA:36,20
DA:37,20
DA:43,0
DA:44,0
DA:45,0
DA:46,0
DA:47,0
DA:49,0
DA:50,0
DA:51,0
DA:52,0
DA:53,0
DA:54,0
DA:55,0
DA:56,0
DA:57,0
DA:63,0
DA:64,0
DA:65,0
DA:66,0
DA:67,0
DA:69,0
DA:70,0
DA:71,0
DA:72,0
DA:73,0
DA:74,0
DA:75,0
DA:76,0
DA:77,0
DA:78,0
DA:86,0
DA:87,0
DA:88,0
DA:89,0
DA:90,0
DA:92,0
DA:93,0
DA:95,0
DA:96,0
DA:97,0
DA:98,0
DA:99,0
DA:100,0
DA:101,0
DA:109,3
DA:110,12
DA:111,12
DA:112,27
DA:113,27
DA:114,12
DA:115,12
DA:116,15
DA:117,15
DA:118,12
DA:130,0
DA:131,0
DA:132,0
DA:133,0
DA:134,0
DA:135,0
DA:136,0
DA:137,0
DA:139,0
DA:140,0
DA:141,0
DA:142,0
DA:143,0
DA:144,0
DA:145,0
DA:148,0
DA:150,0
DA:151,0
DA:162,3
DA:163,3
DA:165,13
DA:167,13
DA:168,13
DA:169,18
DA:170,18
DA:171,18
DA:172,108
DA:173,18
DA:175,0
DA:176,0
DA:177,0
DA:179,18
DA:181,18
DA:182,18
DA:183,18
DA:184,18
DA:185,18
DA:186,0
DA:187,0
DA:188,0
DA:189,0
DA:190,26
DA:191,26
DA:192,0
DA:193,0
DA:194,0
DA:195,0
DA:196,26
DA:197,26
DA:198,26
DA:199,27
DA:200,27
DA:201,27
DA:202,0
DA:203,0
DA:204,0
DA:205,0
DA:206,33
DA:207,33
DA:208,18
DA:211,18
DA:212,18
DA:214,72
DA:215,13
DA:221,3
DA:222,8
DA:223,27
DA:224,9
DA:225,12
DA:227,12
DA:228,12
DA:229,12
DA:231,8
DA:232,8
DA:233,8
DA:234,8
DA:235,8
DA:236,9
DA:237,27
DA:238,9
DA:240,11
DA:241,11
DA:242,11
DA:243,11
DA:244,11
DA:245,8
LH:83
LF:159
end_of_record
SF:/home/sandwich/Develop/blssm.us/src/middleware/proof-validator.ts
FN:20,_resetSpentCacheForTesting
FN:26,isProofSpent
FN:31,addToSpentCache
FN:39,validateTokenStructure
FN:67,getOrCreateWallet
FN:92,validateCashuPayment
FN:149,buildPaymentError
FNDA:3,_resetSpentCacheForTesting
FNDA:5,isProofSpent
FNDA:2,addToSpentCache
FNDA:5,validateTokenStructure
FNDA:0,getOrCreateWallet
FNDA:0,validateCashuPayment
FNDA:4,buildPaymentError
FNF:7
FNH:5
BRDA:32,4,0,3
BRDA:45,5,0,1
BRDA:47,5,1,4
BRDA:50,5,2,1
BRDA:52,5,3,3
BRDA:56,5,4,1
BRDA:58,5,5,2
BRDA:150,9,0,2
BRDA:152,9,1,0
BRDA:157,9,2,2
BRF:10
BRH:9
DA:3,1
DA:4,2
DA:12,1
DA:13,2
DA:15,1
DA:17,2
DA:19,2
DA:20,2
DA:21,5
DA:22,5
DA:23,5
DA:26,2
DA:27,7
DA:28,7
DA:31,2
DA:32,4
DA:33,4
DA:39,2
DA:40,2
DA:41,2
DA:42,2
DA:45,7
DA:46,32
DA:47,8
DA:50,7
DA:51,32
DA:52,8
DA:55,10
DA:56,7
DA:57,32
DA:58,8
DA:60,27
DA:61,7
DA:67,0
DA:68,0
DA:69,0
DA:70,0
DA:71,0
DA:72,0
DA:73,0
DA:74,0
DA:75,0
DA:76,0
DA:92,0
DA:93,0
DA:94,0
DA:95,0
DA:99,0
DA:100,0
DA:101,0
DA:102,0
DA:103,0
DA:104,0
DA:107,0
DA:108,0
DA:112,0
DA:113,0
DA:114,0
DA:115,0
DA:117,0
DA:118,0
DA:119,0
DA:121,0
DA:122,0
DA:123,0
DA:125,0
DA:126,0
DA:127,0
DA:128,0
DA:129,0
DA:130,0
DA:131,0
DA:133,0
DA:134,0
DA:135,0
DA:136,0
DA:139,0
DA:141,0
DA:142,0
DA:149,2
DA:150,6
DA:151,6
DA:152,0
DA:153,6
DA:154,6
DA:156,6
DA:157,6
DA:158,8
DA:159,8
DA:161,24
DA:162,6
LH:44
LF:91
end_of_record
SF:/home/sandwich/Develop/blssm.us/src/util.ts
FN:4,sha256Hex
FN:14,bytesToHex
FN:23,hexToBytes
FN:32,toBase64
FN:41,fromBase64
FN:54,isValidSha256
FN:59,isValidPubkey
FN:64,prefix
FN:69,guessMimeType
FN:100,jsonResponse
FN:111,errorResponse
FNDA:0,sha256Hex
FNDA:0,bytesToHex
FNDA:0,hexToBytes
FNDA:0,toBase64
FNDA:0,fromBase64
FNDA:0,isValidSha256
FNDA:10,isValidPubkey
FNDA:0,prefix
FNDA:0,guessMimeType
FNDA:0,jsonResponse
FNDA:0,errorResponse
FNF:11
FNH:1
BRF:0
BRH:0
DA:1,1
DA:4,0
DA:5,0
DA:6,0
DA:9,3
DA:10,1
DA:14,0
DA:15,0
DA:16,0
DA:17,0
DA:18,0
DA:19,0
DA:20,0
DA:23,0
DA:24,0
DA:25,0
DA:26,0
DA:27,0
DA:28,0
DA:29,0
DA:32,0
DA:33,0
DA:34,0
DA:35,0
DA:36,0
DA:37,0
DA:38,0
DA:41,0
DA:42,0
DA:43,0
DA:44,0
DA:45,0
DA:46,0
DA:47,0
DA:48,0
DA:51,1
DA:54,0
DA:55,0
DA:56,0
DA:59,1
DA:60,11
DA:61,11
DA:64,0
DA:65,0
DA:66,0
DA:69,0
DA:70,0
DA:71,0
DA:72,0
DA:73,0
DA:75,0
DA:76,0
DA:77,0
DA:78,0
DA:79,0
DA:80,0
DA:81,0
DA:82,0
DA:83,0
DA:84,0
DA:85,0
DA:86,0
DA:87,0
DA:88,0
DA:89,0
DA:90,0
DA:91,0
DA:92,0
DA:93,0
DA:94,0
DA:95,0
DA:96,0
DA:97,0
DA:100,0
DA:101,0
DA:102,0
DA:103,0
DA:104,0
DA:105,0
DA:106,0
DA:107,0
DA:108,0
DA:111,0
DA:112,0
DA:113,0
LH:7
LF:85
end_of_record
